flex version 2.5.35 usage statistics:
  scanner options: -dpsvI8 -Cem -oyylex.cpp
  272/2000 NFA states
  105/1000 DFA states (552 words)
  48 rules
  Compressed tables always back-up
  1/40 start conditions
  155 epsilon states, 61 double epsilon states
  12/100 character classes needed 147/500 words of storage, 0 reused
  1712 state/nextstate pairs created
  270/1442 unique/duplicate transitions
  111/1000 base-def entries created
  183/2000 (peak 320) nxt-chk entries created
  24/2500 (peak 276) template nxt-chk entries created
  0 empty table entries
  6 protos created
  6 templates created, 68 uses
  46/256 equivalence classes created
  4/256 meta-equivalence classes created
  0 (0 saved) hash collisions, 168 DFAs equal
  0 sets of reallocations needed
  890 total table entries needed
