astree.o:
     $Id: auxlib.h,v 1.1 2015-04-22 17:14:13-07 - - $
     $Id: astree.h,v 1.1 2015-04-22 17:14:13-07 - - $
     $Id: stringset.h,v 1.1 2015-04-22 17:14:13-07 - - $
     $Id: lyutils.h,v 1.1 2015-04-22 17:14:13-07 - - $
     $Id: astree.cc,v 1.1 2015-04-22 17:14:13-07 - - $
     $Compiled: astree.cc May 10 2015 01:49:12 $

lyutils.o:
     $Id: auxlib.h,v 1.1 2015-04-22 17:14:13-07 - - $
     $Id: astree.h,v 1.1 2015-04-22 17:14:13-07 - - $
     $Id: lyutils.h,v 1.1 2015-04-22 17:14:13-07 - - $
     $Id: lyutils.cc,v 1.1 2015-04-22 17:14:13-07 - - $
     $Compiled: lyutils.cc May 10 2015 01:49:12 $

auxlib.o:
     $Id: auxlib.h,v 1.1 2015-04-22 17:14:13-07 - - $
     $Id: auxlib.cc,v 1.1 2015-04-22 17:14:13-07 - - $
     $Compiled: auxlib.cc May 10 2015 01:49:12 $

stringset.o:
     $Id: auxlib.h,v 1.1 2015-04-22 17:14:13-07 - - $
     $Id: stringset.h,v 1.1 2015-04-22 17:14:13-07 - - $
     $Id: stringset.cc,v 1.1 2015-04-22 17:14:13-07 - - $
     $Compiled: stringset.cc May 10 2015 01:49:12 $

main.o:
     $Id: auxlib.h,v 1.1 2015-04-22 17:14:13-07 - - $
     $Id: stringset.h,v 1.1 2015-04-22 17:14:13-07 - - $
     $Id: astree.h,v 1.1 2015-04-22 17:14:13-07 - - $
     $Id: lyutils.h,v 1.1 2015-04-22 17:14:13-07 - - $

yylex.o:
     $Id: auxlib.h,v 1.1 2015-04-22 17:14:13-07 - - $
     $Id: astree.h,v 1.1 2015-04-22 17:14:13-07 - - $
     $Id: lyutils.h,v 1.1 2015-04-22 17:14:13-07 - - $
     $Id: scanner.l,v 1.1 2015-04-22 17:14:13-07 - - $
     $Compiled: scanner.l May 10 2015 01:49:13 $

yyparse.o:
     $Id: auxlib.h,v 1.1 2015-04-22 17:14:13-07 - - $
     $Id: astree.h,v 1.1 2015-04-22 17:14:13-07 - - $
     $Id: lyutils.h,v 1.1 2015-04-22 17:14:13-07 - - $

oc:
     $Id: auxlib.h,v 1.1 2015-04-22 17:14:13-07 - - $
     $Id: astree.h,v 1.1 2015-04-22 17:14:13-07 - - $
     $Id: stringset.h,v 1.1 2015-04-22 17:14:13-07 - - $
     $Id: lyutils.h,v 1.1 2015-04-22 17:14:13-07 - - $
     $Id: astree.cc,v 1.1 2015-04-22 17:14:13-07 - - $
     $Compiled: astree.cc May 10 2015 01:49:12 $
     $Id: auxlib.h,v 1.1 2015-04-22 17:14:13-07 - - $
     $Id: astree.h,v 1.1 2015-04-22 17:14:13-07 - - $
     $Id: lyutils.h,v 1.1 2015-04-22 17:14:13-07 - - $
     $Id: lyutils.cc,v 1.1 2015-04-22 17:14:13-07 - - $
     $Compiled: lyutils.cc May 10 2015 01:49:12 $
     $Id: auxlib.h,v 1.1 2015-04-22 17:14:13-07 - - $
     $Id: auxlib.cc,v 1.1 2015-04-22 17:14:13-07 - - $
     $Compiled: auxlib.cc May 10 2015 01:49:12 $
     $Id: auxlib.h,v 1.1 2015-04-22 17:14:13-07 - - $
     $Id: stringset.h,v 1.1 2015-04-22 17:14:13-07 - - $
     $Id: stringset.cc,v 1.1 2015-04-22 17:14:13-07 - - $
     $Compiled: stringset.cc May 10 2015 01:49:12 $
     $Id: auxlib.h,v 1.1 2015-04-22 17:14:13-07 - - $
     $Id: stringset.h,v 1.1 2015-04-22 17:14:13-07 - - $
     $Id: astree.h,v 1.1 2015-04-22 17:14:13-07 - - $
     $Id: lyutils.h,v 1.1 2015-04-22 17:14:13-07 - - $
     $Id: auxlib.h,v 1.1 2015-04-22 17:14:13-07 - - $
     $Id: astree.h,v 1.1 2015-04-22 17:14:13-07 - - $
     $Id: lyutils.h,v 1.1 2015-04-22 17:14:13-07 - - $
     $Id: scanner.l,v 1.1 2015-04-22 17:14:13-07 - - $
     $Compiled: scanner.l May 10 2015 01:49:13 $
     $Id: auxlib.h,v 1.1 2015-04-22 17:14:13-07 - - $
     $Id: astree.h,v 1.1 2015-04-22 17:14:13-07 - - $
     $Id: lyutils.h,v 1.1 2015-04-22 17:14:13-07 - - $
