flex version 2.5.35 usage statistics:
  scanner options: -dsvI8 -Cem -oyylex.cc
  316/2000 NFA states
  118/1000 DFA states (673 words)
  51 rules
  Compressed tables always back-up
  1/40 start conditions
  176 epsilon states, 79 double epsilon states
  22/100 character classes needed 300/500 words of storage, 0 reused
  2297 state/nextstate pairs created
  301/1996 unique/duplicate transitions
  129/1000 base-def entries created
  215/2000 (peak 585) nxt-chk entries created
  33/2500 (peak 506) template nxt-chk entries created
  0 empty table entries
  11 protos created
  11 templates created, 84 uses
  46/256 equivalence classes created
  3/256 meta-equivalence classes created
  0 (2 saved) hash collisions, 186 DFAs equal
  0 sets of reallocations needed
  990 total table entries needed
